0.000168037
0.00014266
0.000143185
0.000143163
0.000143204
0.000143154
0.000143218
0.000143182
0.000143199
0.000143209
0.000143189
0.000143197
0.00014318
0.00014318
0.000143199
0.00014318
0.000143194
0.00014318
0.000143189
0.000143197
8.30436e-05
4.99463e-05
5.08094e-05
5.17583e-05
5.23281e-05
5.28765e-05
5.41759e-05
5.48339e-05
5.53131e-05
5.64456e-05
5.71632e-05
5.75209e-05
5.85175e-05
5.94616e-05
5.96595e-05
6.08873e-05
6.1779e-05
6.19268e-05
6.30021e-05
6.41561e-05
6.46043e-05
6.5341e-05
6.61302e-05
6.65975e-05
6.73366e-05
6.8388e-05
6.94466e-05
6.97446e-05
7.06697e-05
7.18522e-05
7.78174e-05
7.89642e-05
7.94935e-05
8.02231e-05
8.12316e-05
8.19039e-05
8.20613e-05
8.32748e-05
8.40998e-05
8.47697e-05
8.5566e-05
8.66246e-05
8.74186e-05
8.77976e-05
8.86774e-05
8.97741e-05
9.03368e-05
9.11188e-05
9.2175e-05
9.25803e-05
9.45401e-05
9.97043e-05
0.000100279
0.000100422
0.000100243
0.000100689
0.000101078
0.000101476
0.000101924
0.000103238
0.000103283
0.000101652
0.000101912
0.00010206
0.000102167
0.000102069
0.000102615
0.000102353
0.000102832
0.000105951
0.000105784
0.000105848
0.000106218
0.000106313
0.000106089
0.000106111
0.000106077
0.000106111
0.00010608
0.000105805
0.000105042
0.000103569
0.000103788
0.000103667
0.000103757
0.00010397
0.000103157
0.000103652
0.000104079
0.000104492
0.000104494
0.000105231
0.000105565
0.000106289
0.000106072
0.000105801
0.000106699
0.000106747
0.000107546
0.000107925
0.000108325
0.000108864
0.000109227
0.000109515
0.000109646
0.000109913
0.000110266
0.00011034
0.000110667
0.000110824
0.000111237
0.000111759
0.000111873
0.000112433
0.000112929
0.000113134
0.000113316
0.000114155
0.000113742
0.000114167
0.000114927
0.000114944
0.000115058
0.000115137
0.000115225
0.000115798
0.000116119
0.000115924
0.000116539
0.000118198
0.00011831
0.000119221
0.000119457
0.000119047
0.000119116
0.000119212
0.000119143
0.000119278
0.000119402
0.000119469
0.000119596
0.000120721
0.000126631
0.000128264
0.000129046
0.000129287
0.000129287
0.000129321
0.00013
0.000130312
0.000130298
0.00012979
0.000129759
0.000129998
0.000130172
0.000130188
0.000130284
0.000130301
0.000130856
0.000137882
0.000143175
0.00014317
0.000143168
0.000143147
0.000143182
0.000143168
0.000143173
0.000143182
0.000143178
0.000143163
0.000143166
0.000143175
0.000146046
0.000144584
0.00014318
0.000143182
0.000144577
0.000144601
0.000144606
0.000144615
0.000144591
0.000144598
0.000144587
0.000144596
0.000144608
0.000144601
0.000144589
0.00014461
0.000144608
0.000144594
0.000146041
0.000144594
0.000146019
0.000144608
0.000144589
0.000144591
0.000181932
0.000196009
0.000192122
0.000195982
0.000199256
0.000206211
0.000204825
0.000203364
0.000204811
0.000204632
0.000206442
0.000209107
0.000208941
0.00020927
0.000211971
0.000213399
0.000213423
0.000213366
0.000218973
0.000214822
0.000214849
0.000214801
0.000214853
0.000214832
0.000214856
0.000215025
0.000218945
0.000214801
0.000215013
0.00021482
0.000214858
0.000214808
0.000214856
0.00021481
0.00021486
0.000214827
0.00021481
0.000216091
0.000215001
0.000214849
0.000214839
0.000214825
0.000214851
0.000214834
0.000214841
0.000214851
0.000214863
0.000216045
0.000214989
0.000214853
0.00021481
0.000214849
0.000217526
0.000215015
0.000219128
0.000217721
0.00022181
0.000221999
0.000226288
0.00023062
0.000230536
0.000230846
0.000236144
0.000236504
0.000237546
0.000236576
0.000237772
0.000237594
0.000239165
0.000240698
0.000243466
0.000242326
0.000286293
0.000286524
0.000286503
0.000286512
0.000286491
0.000286515
0.000286503
0.000286522
0.0002865
0.000286503
0.000286508
0.000286498
0.000286517
0.000286496
0.000286486
0.000286515
0.000286515
0.000286512
0.000286527
0.0002865
0.000286505
0.000286505
0.000286481
0.000286493
0.00028652
0.000286508
0.000286503
0.000286493
0.000286517
0.000286522
0.000286493
0.000286527
0.000286503
0.000286522
0.000286477
0.000286503
0.00028651
0.000286522
0.000286503
0.0002865
0.000286508
0.000286508
0.000286491
0.000286505
0.000286512
0.000286505
0.000286508
0.00028652
0.000286493
0.000286496
0.000286512
0.000286508
0.00028651
0.000286524
0.000286493
0.000286512
0.00028651
0.000286524
0.000286493
0.000286517
0.000286524
0.000285056
0.000285072
0.000289359
0.000286515
0.000286496
0.000286498
0.000286496
0.000286517
0.000408301
0.000428431
0.000429859
0.000429878
0.000429895
0.000428445
0.000427029
0.000429873
0.00042845
0.00042989
0.000428474
0.00042846
0.000424142
0.00042845
0.000428438
0.000421448
0.000429714
0.000421264
0.000429878
0.000419791
0.000429857
0.000422759
0.000418417
0.000418403
0.000421226
0.000402629
0.000402656
0.000398481
0.00041533
0.000399799
0.000411165
0.000402617
0.000404286
0.000389497
0.000388324
0.000389745
0.00038106
0.000379691
0.000384223
0.000371044
0.000371144
0.000370841
0.000368235
0.000371056
0.000372522
0.000369847
0.000365138
0.000365353
0.000365586
0.0003637
0.000362678
0.000362296
0.000362487
0.000359824
0.0003582
0.000356762
0.000360832
0.000359828
0.000356717
0.000356562
0.000359609
0.000358388
0.000356557
0.000355332
0.000356984
0.000356526
0.000355289
0.000352476
0.000351217
0.000352459
0.000355098
0.000355346
0.000351036
0.000351183
0.000348136
0.000349436
0.000396919
0.000384016
0.000373976
0.000366786
0.000349638
0.000353842
0.000359685
0.000339727
0.000343676
0.000316603
0.000326798
0.000309465
0.000339334
0.000316818
0.000320752
0.000325155
0.000312331
0.000329466
0.000311091
0.00031235
0.000305161
0.000297995
0.00031091
0.000312288
0.000299406
0.000295076
0.000286524
0.000293665
0.000293648
0.000292244
0.000296557
0.000293665
0.000289388
0.000292251
0.000299418
0.000287938
0.000293646
0.000290816
0.000289364
0.000287967
0.000289378
0.000290813
0.000287914
0.000287976
0.0002865
0.000289409
0.000286472
0.000289443
0.000287943
0.000287945
0.000286498
0.00028795
0.000290787
0.000289395
0.00028939
0.000287974
0.0002865
0.000287969
0.000286484
0.000290823
0.000287962
0.000287912
0.000287962
0.000286539
0.000287926
0.000286512
0.00029228
0.000286493
0.000286481
0.000286572
0.000289402
0.000287945
0.000302289
0.000303669
0.000306571
0.000300858
0.000302293
0.000300848
0.000302234
0.000297964
0.000308027
0.000300899
0.000296531
0.000293677
0.000297732
0.000302522
0.000296547
0.000305133
0.000310898
0.000299418
0.00031374
0.000302227
0.000302055
0.000298216
0.00030225
0.000296571
0.000293665
0.000296562
0.000292237
0.000289333
0.000290813
0.000287964
0.000292251
0.00029078
0.000286539
0.000289383
0.000286522
0.000287924
0.000287964
0.000290806
0.000290785
0.000289319
0.000287957
0.000290823
0.000292227
0.00029366
0.000290802
0.000293722
0.000287867
0.000287902
0.000289421
0.000286505
0.000287914
0.000289361
0.000290813
0.000287924
0.000290811
0.000286496
0.000289392
0.000290816
0.000287895
0.000287926
0.000287974
0.000287969
0.000287912
0.000289352
0.0002865
0.000287969
0.000287945
0.000289278
0.000287983
0.000287907
0.00029228
0.000289328
0.000287938
0.000288005
0.000289366
0.000287905
0.000287926
0.000289376
0.000290847
0.000287929
0.000289395
0.000289307
0.000289414
0.000287955
0.000290766
0.000295124
0.000290763
0.000293708
0.000293694
0.000293596
0.000303729
0.00030376
0.00030947
0.000325122
0.000332367
0.00033673
0.000323796
0.00032522
0.000335164
0.000330985
0.000335205
0.000338171
0.000338116
0.000346704
0.000348155
0.00035249
0.000358136
0.000362425
0.000362494
0.000363903
0.000366786
0.000363975
0.000371041
0.000376863
0.000385394
0.000388279
0.000396934
0.000418355
0.000415499
0.000427012
0.000432723
0.000429871
0.000429893
0.000431266
0.000429883
0.000429845
0.000429857
0.000429883
0.000429859
0.000429883
0.000429914
0.000429859
0.000429833
0.000429907
0.000429833
0.00042985
0.000429919
0.000429847
0.000429847
0.000429869
0.000429876
0.000429847
0.000429854
0.000429838
0.000429888
0.000429831
0.000429835
0.000429838
0.000429876
0.000429842
0.000429859
0.000429881
0.000429888
0.000429804
0.000429878
0.000429881
0.00042989
0.000429845
0.000429862
0.000429881
0.000429895
0.000429866
0.000429842
0.000429864
0.000429859
0.000429859
0.000429878
0.000429864
0.000429871
0.000429845
0.000429869
0.000429888
0.000429876
0.000429866
0.00042985
0.000429857
0.00042989
0.000429847
0.000429842
0.000429878
0.000429852
0.000429883
0.000429845
0.000429864
0.000429869
0.000429878
0.000429883
0.000429857
0.000429816
0.000429873
0.000432713
0.000429852
0.000429873
0.000434163
0.000429847
0.000429878
0.000429876
0.000429881
0.000429876
0.000429857
0.000429888
0.000429878
0.000429847
0.000429893
0.00042985
0.000429842
0.000429857
0.000429857
0.000429881
0.000429871
0.000429869
0.000429823
0.000429878
0.00042989
0.000429871
0.000429826
0.000429838
0.000429876
0.000429847
0.000429823
0.000429881
0.000429871
0.000429878
0.000429859
0.000429842
0.000429869
0.000429862
0.000429842
0.000429869
0.000429871
0.000429857
0.000429873
0.00042984
0.000429866
0.000429838
0.000429852
0.000429864
0.000429862
0.000429888
0.000429831
0.000429869
0.000429907
0.000429852
0.000429852
0.000429866
0.000429866
0.000429866
0.000429857
0.000429895
0.000429852
0.000429881
0.000429852
0.000429857
0.000429881
0.000429897
0.000429842
0.000429857
0.000429888
0.000429831
0.000432694
0.000429888
0.00042984
0.000429893
0.000434134
0.000429876
0.0004299
0.000429828
0.00042985
0.000429866
0.000429847
0.000429859
0.000429842
0.000429904
0.00042984
0.000429871
0.000429821
0.000429857
0.000429885
0.000429871
0.000429869
0.000429866
0.000429838
0.000429852
0.000429842
0.000429852
0.000429854
0.000429852
0.000429862
0.000429864
0.000429878
0.00042985
0.000429859
0.000429842
0.000429876
0.00042984
0.000429878
0.000429881
0.000429842
0.000429831
0.000429893
0.00042984
0.000429881
0.000429857
0.000429873
0.000429831
0.000429852
0.000429852
0.000429862
0.000429869
0.000429893
0.000429878
0.000429869
0.000429821
0.000429893
0.000429847
0.00042985
0.00042985
0.000429847
0.000429845
0.000429873
0.000429828
0.000429873
0.000429852
0.000429893
0.000429835
0.0004299
0.000429852
0.000429904
0.000429838
0.000432723
0.000429842
0.000429852
0.000429883
0.000431275
0.00042989
0.000429871
0.000429859
0.000429857
0.000429859
0.000429859
0.000429854
0.000429895
0.000429847
0.000429845
0.00042989
0.000429845
0.000429866
0.00042984
0.000429876
0.000429838
0.000429919
0.000429871
0.000429828
0.000429845
0.000429873
0.000429873
0.000429866
0.000429859
0.000429852
0.000429854
0.000429833
0.000429866
0.000429857
0.000429888
0.000429838
0.00042985
0.000429904
0.000429847
0.00042984
0.000429854
0.000429871
0.000429881
0.000429828
0.000429845
0.000429852
0.000429859
0.000429862
0.000429838
0.000429842
0.000429859
0.000429866
0.000429859
0.000429893
0.000429847
0.000429916
0.000431263
0.000429862
0.000429845
0.000429909
0.000431259
0.000429876
0.000431259
0.000429938
0.000431249
0.000429852
0.000431275
0.00043129
0.000431294
0.000431299
0.000432715
0.000431311
0.000431285
0.000431335
0.000435543
0.000431309
0.000431302
0.000431316
0.000431304
0.000431261
0.000431302
0.000431283
0.000432723
0.000431323
0.000432723
0.000431287
0.000431299
0.000432708
0.00043133
0.000434155
0.000435586
0.000439889
0.000451369
0.000458555
0.000484333
0.000491552
0.000534511
0.000541661
0.000566046
0.000570354
0.000573256
0.000573211
0.000573208
0.000573244
0.000573218
0.000573223
0.000573232
0.00057322
0.000573227
0.000573223
0.000573237
0.000573215
0.000573218
0.000573289
0.000573168
0.000573225
0.000573273
0.000573192
0.000573237
0.000573239
0.000573237
0.000573194
0.00057327
0.000573204
0.000573235
0.000573218
0.000573251
0.000573232
0.000573218
0.000576103
0.000573232
0.000576079
0.000573218
0.00057322
0.000573211
0.000573225
0.000573218
0.000573218
0.000573232
0.000573227
0.000573235
0.000573235
0.000573232
0.000573225
0.00057323
0.000573242
0.000573251
0.000573239
0.00057323
0.000573218
0.00057323
0.000573235
0.000573242
0.00057323
0.000573213
0.000573244
0.000573256
0.000573223
0.000573237
0.000573254
0.00057323
0.000573213
0.000573206
0.000573218
0.000573239
0.00057323
0.000573239
0.000573204
0.000573249
0.00057323
0.000573213
0.000573237
0.000573232
0.000573232
0.000573249
0.000573213
0.000573215
0.00057322
0.000573254
0.000573223
0.000573227
0.000573194
0.00057323
0.00057322
0.000576091
0.000573213
0.000573208
0.000573237
0.00057323
0.000573196
0.000573211
0.00057323
0.000573251
0.000573235
0.000573192
0.000573213
0.000573275
0.000573173
0.00057318
0.000573218
0.000573232
0.000573242
0.000573211
0.00057322
0.000573235
0.000573206
0.000573215
0.000573225
0.000573254
0.000573215
0.000573237
0.000573211
0.000573232
0.000573215
0.000573244
0.000573225
0.000573218
0.000573208
0.000573223
0.00057322
0.000573242
0.000573206
0.000573206
0.000573225
0.000573235
0.000573208
0.000573223
0.000573237
0.00057323
0.000573242
0.000573215
0.000573199
0.000573218
0.000573206
0.000573218
0.000573218
0.000576112
0.000573204
0.000573225
0.00057323
0.00057323
0.000573211
0.00057323
0.00057322
0.000573235
0.000573215
0.000573218
0.000573192
0.000573225
0.000573227
0.000573223
0.000573227
0.000573223
0.000573213
0.000573206
0.000573225
0.000573227
0.00057322
0.000573232
0.000573206
0.00057323
0.000573211
0.000573208
0.000573213
0.00057323
0.000573206
0.000573242
0.000573223
0.00057322
0.000573208
0.000573258
0.000573194
0.000573211
0.000573227
0.000573215
0.000573244
0.000573223
0.000573239
0.000573189
0.000573239
0.000573208
0.000573223
0.000573201
0.000573223
0.000573213
0.000573235
0.000573211
0.000573189
0.000576074
0.000573225
0.000573225
0.000573196
0.000573199
0.000573232
0.000573237
0.000573225
0.000573206
0.000573199
0.000573213
0.000573211
0.000573194
0.000573227
0.000573208
0.000573201
0.000573201
0.000573242
0.000573194
0.000573208
0.00057322
0.000573227
0.000573192
0.000573213
0.000573232
0.000573213
0.000573213
0.000573196
0.000573242
0.000573199
0.000573199
0.000573213
0.000573223
0.000573196
0.000573218
0.000573215
0.000574648
0.000574644
0.000574658
0.000574594
0.000574632
0.000574639
0.00057467
0.000574648
0.000574622
0.000574648
0.000574632
0.000576086
0.000574658
0.000574636
0.000576077
0.000574679
0.00057462
0.000577571
0.000576067
0.000576072
0.000574667
0.000574632
0.000578971
0.000576096
0.000586123
0.000596168
0.000614798
0.000606186
0.000599055
0.000611932
0.000637703
0.000643489
0.000660644
0.000687869
0.000715132
0.000716579
0.000715134
0.000716608
0.000716543
0.00071656
0.000716574
0.000716581
0.000716591
0.000716572
0.000716591
0.000716596
0.000716536
0.000716596
0.000716588
0.000716598
0.000716596
0.000716586
0.000716574
0.000716596
0.000716615
0.000716567
0.00071655
0.000716598
0.000716574
0.000718007
0.000716584
0.000715139
0.000716596
0.000716555
0.000716553
0.000716567
0.000716553
0.000716596
0.000716572
0.000716584
0.000716572
0.000716641
0.000716558
0.000716598
0.000716565
0.000716588
0.0007166
0.000716593
0.000716586
0.000716584
0.000716574
0.000716596
0.000716586
0.000716593
0.000716546
0.000716622
0.000716567
0.000716608
0.000716579
0.000716572
0.000716581
0.000716574
0.000716596
0.000716631
0.000716584
0.000716565
0.000716584
0.000716619
0.000716534
0.000716574
0.000716591
0.000715063
0.000715172
0.000715144
0.000716584
0.000712547
0.000712035
0.000697937
0.000706549
0.000696509
0.000673563
0.000669289
0.000676734
0.000653234
0.00064374
0.000646083
0.000632241
0.000629132
0.000624554
0.000629399
0.000616212
0.000609045
0.000609062
0.000596163
0.00060189
0.000606201
0.000600445
0.000594735
0.000596189
0.000587513
0.000590429
0.000586073
0.000580389
0.000578983
0.000584679
0.00057323
0.000574634
0.00057323
0.000574648
0.000573218
0.000574658
0.00057323
0.000574644
0.000573232
0.000574665
0.000573182
0.000573227
0.000574632
0.000573215
0.000576062
0.00057467
0.000573158
0.000574725
0.000573142
0.000574605
0.000573297
0.000573215
0.000573137
0.000573232
0.000574651
0.000573189
0.000574651
0.000573211
0.000573235
0.000573208
0.000573211
0.000574625
0.000573218
0.000573199
0.000573273
0.000573249
0.000573187
0.000573204
0.000573225
0.000573192
0.00057322
0.000573227
0.000574641
0.000573256
0.000574665
0.000573165
0.000573211
0.000573237
0.000573208
0.000573208
0.000573227
0.000573177
0.000573244
0.000573235
0.000573213
0.000573204
0.000573261
0.000573165
0.000573237
0.000573232
0.000573206
0.000573196
0.000573235
0.000573215
0.000573237
0.000573192
0.000573184
0.000574651
0.000573232
0.000573213
0.000576084
0.000573225
0.000573244
0.000573192
0.00057322
0.000574665
0.000573206
0.000573242
0.000573187
0.000574656
0.000573223
0.00057466
0.000574646
0.000574617
0.000574656
0.000574663
0.000574648
0.000574651
0.000574639
0.000574665
0.000574656
0.000574651
0.000574639
0.000574667
0.000574653
0.000574636
0.000574663
0.000576077
0.000574663
0.00057467
0.000574632
0.000574625
0.000574629
0.000576086
0.000574636
0.000576038
0.000577538
0.00058037
0.000630543
0.000702229
0.000715139
0.000716543
0.00071656
0.000716569
0.000716572
0.000716574
0.000716577
0.000717983
0.000716572
0.000718
0.000716562
0.000716577
0.000716562
0.000716593
0.000716584
0.000716548
0.000716574
0.000716593
0.000716586
0.000716591
0.000716579
0.000716603
0.000716574
0.000716591
0.000716603
0.000716541
0.0007166
0.000716584
0.000716581
0.000716584
0.000716598
0.000716593
0.000716562
0.000716579
0.000716586
0.000716562
0.000716565
0.000716572
0.000716577
0.000716577
0.000716574
0.000716593
0.000716603
0.000716586
0.000716574
0.000716584
0.000716574
0.000716558
0.000716558
0.00071943
0.000716548
0.000719461
0.000716579
0.000716577
0.000716577
0.000716572
0.000716593
0.000716572
0.000716588
0.000716603
0.000716588
0.000716598
0.0007166
0.000716608
0.000716574
0.000716567
0.00071661
0.00071656
0.000716596
0.000716588
0.000716591
0.000716584
0.000716558
0.000716586
0.000716562
0.000716567
0.000716584
0.00071655
0.000716596
0.000716553
0.000716588
0.000716591
0.000716562
0.000716579
0.000716565
0.000716569
0.000716538
0.000716586
0.000716586
0.000716555
0.000716612
0.000720878
0.0007166
0.000718
0.000716567
0.000716562
0.000716584
0.000716596
0.000716584
0.000716574
0.000716565
0.00071661
0.000716567
0.000716586
0.000716553
0.000716569
0.000716538
0.000716548
0.000716567
0.000716596
0.000716558
0.000716543
0.000716572
0.000716562
0.000716565
0.000716546
0.000716591
0.000716548
0.000716584
0.000716555
0.000716569
0.000716548
0.000716572
0.000716593
0.000716546
0.000716574
0.000716572
0.000716593
0.000716553
0.000716598
0.000716574
0.000716617
0.000716569
0.000720894
0.000716565
0.000718
0.000716581
0.00071656
0.000716569
0.000716584
0.000716639
0.000716553
0.000716577
0.000716577
0.000716555
0.000716593
0.00071656
0.000716553
0.000716574
0.000716572
0.000716555
0.000716603
0.000716562
0.000716565
0.000716572
0.000716598
0.000716567
0.000716586
0.000716569
0.000716567
0.000716591
0.000716581
0.000716591
0.000716555
0.000716596
0.000716588
0.000716598
0.000716596
0.000716562
0.000716588
0.000716567
0.000716603
0.000716565
0.000716596
0.000716579
0.000720899
0.000716586
0.000717993
0.000716572
0.000716581
0.000716577
0.000716598
0.000716593
0.000716548
0.000716591
0.000716588
0.000716579
0.000716574
0.000716586
0.000716584
0.000716593
0.000716581
0.000716591
0.000716581
0.000716584
0.000716596
0.000718002
0.000716593
0.000718019
0.000717998
0.000718031
0.000718019
0.000718055
0.000718014
0.000718026
0.000718009
0.000718052
0.000718005
0.000718002
0.000718029
0.000719435
0.00071804
0.000718019
0.000718033
0.000718024
0.000718012
0.000720894
0.000720861
0.000719447
0.000722322
0.000725188
0.000749538
0.000769668
0.000788236
0.000796843
0.000806925
0.000822642
0.000847068
0.000859933
0.000859964
0.000859959
0.000859926
0.000859947
0.000859954
0.000859942
0.000859945
0.000859952
0.000859933
0.000859938
0.000859959
0.000859928
0.000859952
0.000859933
0.000859933
0.000859942
0.000859957
0.000859942
0.000859962
0.000859919
0.000859933
0.00085995
0.000859931
0.000862813
0.000859952
0.000859938
0.000859921
0.000859923
0.000859923
0.000859931
0.000859942
0.000859952
0.000859973
0.000859933
0.000859933
0.000859942
0.000859973
0.000859904
0.000859923
0.000859959
0.000859928
0.000859919
0.000859945
0.000859938
0.000859947
0.000859966
0.000859931
0.000859971
0.000859938
0.000859947
0.000859957
0.000859942
0.000859962
0.000859938
0.000859945
0.000859952
0.000859945
0.000859907
0.000862799
0.000859938
0.000858498
0.000859914
0.000858519
0.000859928
0.000859938
0.000859888
0.000859938
0.000859895
0.000859945
0.000859907
0.000859928
0.000857069
0.000854197
0.000849891
0.00083988
0.000847006
0.00085849
0.000859909
0.00085274
0.000855613
0.000847013
0.00083411
0.000825534
0.000806873
0.000804031
0.000804012
0.000797093
0.00077678
0.000789428
0.000775573
0.000771055
0.000771031
0.000760784
0.000753825
0.000754087
0.000750971
0.000735188
0.000738082
0.000722294
0.000722291
0.000726566
0.000719442
0.000718
0.000716581
0.000719371
0.000716641
0.000716538
0.00071939
0.0007166
0.000717945
0.000719407
0.000717995
0.000717978
0.000717971
0.000717986
0.000717995
0.00071799
0.000718002
0.000718002
0.000717993
0.000719235
0.000716765
0.000719404
0.000718002
0.000716574
0.000718014
0.000716562
0.000716567
0.000716593
0.000716565
0.000716593
0.000716541
0.000716588
0.000716531
0.000716541
0.000716541
0.000716567
0.000718002
0.000716524
0.000716543
0.000716584
0.00071655
0.000716588
0.000716524
0.00071656
0.000716562
0.000716553
0.000718029
0.000717995
0.000717995
0.000718019
0.000718009
0.000718005
0.000717993
0.000718009
0.000718002
0.000718017
0.000717995
0.000718019
0.000719442
0.000718038
0.000717976
0.000718019
0.000719385
0.000718017
0.000717981
0.000719464
0.000720861
0.000722313
0.000723739
0.000735188
0.000750978
0.000781069
0.000795395
0.000804043
0.000834131
0.000855649
0.000859921
0.000859931
0.000859921
0.000859954
0.000859957
0.000859957
0.000859923
0.000859921
0.000859964
0.000859919
0.000859926
0.000859911
0.000859947
0.000859907
0.000859959
0.000859909
0.000859914
0.000859938
0.000859938
0.00085995
0.000859945
0.000859926
0.000859938
0.000859954
0.000859914
0.000859935
0.00085995
0.000859911
0.000859933
0.000859931
0.000859931
0.00085994
0.000859945
0.000859892
0.000859931
0.00086132
0.000859897
0.000859938
0.000859945
0.000859933
0.0008599
0.000859902
0.000859923
0.000859947
0.000859928
0.000859935
0.000859928
0.000859919
0.000859954
0.000859938
0.00085994
0.000859921
0.000859928
0.00085995
0.000859923
0.000859942
0.000859919
0.000859959
0.00085994
0.000859897
0.000859909
0.000859978
0.000859923
0.000859942
0.00085994
0.000859957
0.000859942
0.000859926
0.000859947
0.000859921
0.000862811
0.000859923
0.000859985
0.000859916
0.000859914
0.000859942
0.00085994
0.000859897
0.000859935
0.000859935
0.000859928
0.000859911
0.000859931
0.000859957
0.000859926
0.000859914
0.000859966
0.000859902
0.000859952
0.000859928
0.000859964
0.000859931
0.000859931
0.00085994
0.000859938
0.000859942
0.000859933
0.000859926
0.000859952
0.000859921
0.000859957
0.000859911
0.000859962
0.0008599
0.0008599
0.000862746
0.000859916
0.0008599
0.000859942
0.000859897
0.000859938
0.000859897
0.000859923
0.000859904
0.000859923
0.000859921
0.000859931
0.000859926
0.000859921
0.000859888
0.000859942
0.000859933
0.000859933
0.00085989
0.000859933
0.000859888
0.000859959
0.000859895
0.000859938
0.000859885
0.000859945
0.000859911
0.00085995
0.000859914
0.00085994
0.000859928
0.000859928
0.0008599
0.00085995
0.000859923
0.00086278
0.000859895
0.000859954
0.000859907
0.000859942
0.000859904
0.000859916
0.000859895
0.00085994
0.000859852
0.000859897
0.000859931
0.000859931
0.000859916
0.000859942
0.00085994
0.000859933
0.000859945
0.000859919
0.00085995
0.000859923
0.000859931
0.000859902
0.000859933
0.000859923
0.000861363
0.000861337
0.000861373
0.000861342
0.000861361
0.000861344
0.000861335
0.000861359
0.000861349
0.000861371
0.000865679
0.000862792
0.000864213
0.000861373
0.000861361
0.000861349
0.000865648
0.00086422
0.000862803
0.000871394
0.000891445
0.000911567
0.000925875
0.00093302
0.000947378
0.000958841
0.000963159
